{
  message: 'Connected to database',
  level: 'info',
  label: 'sr',
  timestamp: '2023-06-03T15:21:46.393Z'
}
{
  message: 'Server is running on port 5000',
  level: 'info',
  label: 'sr',
  timestamp: '2023-06-03T15:21:46.436Z'
}
{
  message: 'Connected to database',
  level: 'info',
  label: 'sr',
  timestamp: '2023-06-03T15:22:19.511Z'
}
{
  message: 'Server is running on port 5000',
  level: 'info',
  label: 'sr',
  timestamp: '2023-06-03T15:22:19.567Z'
}
{
  message: 'Connected to database',
  level: 'info',
  label: 'sr',
  timestamp: '2023-06-03T15:23:02.012Z'
}
{
  message: 'Server is running on port 5000',
  level: 'info',
  label: 'sr',
  timestamp: '2023-06-03T15:23:02.056Z'
}
