{
  message: 'Connected to database',
  level: 'info',
  label: 'sr',
  timestamp: '2023-06-09T18:03:48.446Z'
}
{
  message: 'Server is running on port 5000',
  level: 'info',
  label: 'sr',
  timestamp: '2023-06-09T18:03:48.510Z'
}
{
  message: 'Connected to database',
  level: 'info',
  label: 'sr',
  timestamp: '2023-06-09T18:05:28.507Z'
}
{
  message: 'Server is running on port 5000',
  level: 'info',
  label: 'sr',
  timestamp: '2023-06-09T18:05:28.554Z'
}
{
  message: 'Connected to database',
  level: 'info',
  label: 'sr',
  timestamp: '2023-06-09T18:06:01.580Z'
}
{
  message: 'Server is running on port 5000',
  level: 'info',
  label: 'sr',
  timestamp: '2023-06-09T18:06:01.621Z'
}
{
  message: 'Connected to database',
  level: 'info',
  label: 'sr',
  timestamp: '2023-06-09T18:06:30.172Z'
}
{
  message: 'Server is running on port 5000',
  level: 'info',
  label: 'sr',
  timestamp: '2023-06-09T18:06:30.230Z'
}
{
  message: 'Connected to database',
  level: 'info',
  label: 'sr',
  timestamp: '2023-06-09T18:07:33.267Z'
}
{
  message: 'Server is running on port 5000',
  level: 'info',
  label: 'sr',
  timestamp: '2023-06-09T18:07:33.327Z'
}
{
  message: 'Connected to database',
  level: 'info',
  label: 'sr',
  timestamp: '2023-06-09T18:08:46.137Z'
}
{
  message: 'Server is running on port 5000',
  level: 'info',
  label: 'sr',
  timestamp: '2023-06-09T18:08:46.174Z'
}
{
  message: 'Connected to database',
  level: 'info',
  label: 'sr',
  timestamp: '2023-06-09T18:09:13.663Z'
}
{
  message: 'Server is running on port 5000',
  level: 'info',
  label: 'sr',
  timestamp: '2023-06-09T18:09:13.710Z'
}
{
  message: 'Connected to database',
  level: 'info',
  label: 'sr',
  timestamp: '2023-06-09T18:10:17.117Z'
}
{
  message: 'Server is running on port 5000',
  level: 'info',
  label: 'sr',
  timestamp: '2023-06-09T18:10:17.173Z'
}
{
  message: 'Connected to database',
  level: 'info',
  label: 'sr',
  timestamp: '2023-06-09T18:10:56.010Z'
}
{
  message: 'Server is running on port 5000',
  level: 'info',
  label: 'sr',
  timestamp: '2023-06-09T18:10:56.046Z'
}
{
  message: 'Connected to database',
  level: 'info',
  label: 'sr',
  timestamp: '2023-06-09T18:11:42.477Z'
}
{
  message: 'Server is running on port 5000',
  level: 'info',
  label: 'sr',
  timestamp: '2023-06-09T18:11:42.535Z'
}
{
  message: 'Connected to database',
  level: 'info',
  label: 'sr',
  timestamp: '2023-06-09T18:13:22.845Z'
}
{
  message: 'Server is running on port 5000',
  level: 'info',
  label: 'sr',
  timestamp: '2023-06-09T18:13:22.881Z'
}
{
  message: 'Connected to database',
  level: 'info',
  label: 'sr',
  timestamp: '2023-06-09T18:14:33.169Z'
}
{
  message: 'Server is running on port 5000',
  level: 'info',
  label: 'sr',
  timestamp: '2023-06-09T18:14:33.208Z'
}
{
  message: 'Connected to database',
  level: 'info',
  label: 'sr',
  timestamp: '2023-06-09T18:15:10.514Z'
}
{
  message: 'Server is running on port 5000',
  level: 'info',
  label: 'sr',
  timestamp: '2023-06-09T18:15:10.734Z'
}
{
  message: 'Connected to database',
  level: 'info',
  label: 'sr',
  timestamp: '2023-06-09T18:19:53.984Z'
}
{
  message: 'Server is running on port 5000',
  level: 'info',
  label: 'sr',
  timestamp: '2023-06-09T18:19:54.070Z'
}
{
  message: 'Connected to database',
  level: 'info',
  label: 'sr',
  timestamp: '2023-06-09T18:20:07.949Z'
}
{
  message: 'Server is running on port 5000',
  level: 'info',
  label: 'sr',
  timestamp: '2023-06-09T18:20:07.997Z'
}
{
  message: 'Connected to database',
  level: 'info',
  label: 'sr',
  timestamp: '2023-06-09T18:20:48.334Z'
}
{
  message: 'Server is running on port 5000',
  level: 'info',
  label: 'sr',
  timestamp: '2023-06-09T18:20:48.410Z'
}
{
  message: 'Connected to database',
  level: 'info',
  label: 'sr',
  timestamp: '2023-06-09T18:21:56.146Z'
}
{
  message: 'Server is running on port 5000',
  level: 'info',
  label: 'sr',
  timestamp: '2023-06-09T18:21:56.195Z'
}
{
  message: 'Connected to database',
  level: 'info',
  label: 'sr',
  timestamp: '2023-06-09T18:23:56.257Z'
}
{
  message: 'Server is running on port 5000',
  level: 'info',
  label: 'sr',
  timestamp: '2023-06-09T18:23:56.304Z'
}
{
  message: 'Connected to database',
  level: 'info',
  label: 'sr',
  timestamp: '2023-06-09T18:24:42.117Z'
}
{
  message: 'Server is running on port 5000',
  level: 'info',
  label: 'sr',
  timestamp: '2023-06-09T18:24:42.163Z'
}
{
  message: 'Connected to database',
  level: 'info',
  label: 'sr',
  timestamp: '2023-06-09T18:25:34.123Z'
}
{
  message: 'Server is running on port 5000',
  level: 'info',
  label: 'sr',
  timestamp: '2023-06-09T18:25:34.213Z'
}
{
  message: 'Connected to database',
  level: 'info',
  label: 'sr',
  timestamp: '2023-06-09T18:26:04.015Z'
}
{
  message: 'Server is running on port 5000',
  level: 'info',
  label: 'sr',
  timestamp: '2023-06-09T18:26:04.064Z'
}
{
  message: 'Connected to database',
  level: 'info',
  label: 'sr',
  timestamp: '2023-06-09T18:28:19.522Z'
}
{
  message: 'Server is running on port 5000',
  level: 'info',
  label: 'sr',
  timestamp: '2023-06-09T18:28:19.563Z'
}
{
  message: 'Connected to database',
  level: 'info',
  label: 'sr',
  timestamp: '2023-06-09T18:29:48.943Z'
}
{
  message: 'Server is running on port 5000',
  level: 'info',
  label: 'sr',
  timestamp: '2023-06-09T18:29:48.979Z'
}
