{
  message: 'Connected to database',
  level: 'info',
  label: 'sr',
  timestamp: '2023-06-11T17:00:07.610Z'
}
{
  message: 'Server is running on port 5000',
  level: 'info',
  label: 'sr',
  timestamp: '2023-06-11T17:00:07.673Z'
}
{
  message: 'Connected to database',
  level: 'info',
  label: 'sr',
  timestamp: '2023-06-11T17:00:37.049Z'
}
{
  message: 'Server is running on port 5000',
  level: 'info',
  label: 'sr',
  timestamp: '2023-06-11T17:00:37.175Z'
}
{
  message: 'Connected to database',
  level: 'info',
  label: 'sr',
  timestamp: '2023-06-11T17:03:23.200Z'
}
{
  message: 'Server is running on port 5000',
  level: 'info',
  label: 'sr',
  timestamp: '2023-06-11T17:03:23.307Z'
}
{
  message: 'Connected to database',
  level: 'info',
  label: 'sr',
  timestamp: '2023-06-11T17:25:57.466Z'
}
{
  message: 'Server is running on port 5000',
  level: 'info',
  label: 'sr',
  timestamp: '2023-06-11T17:25:57.527Z'
}
{
  message: 'Connected to database',
  level: 'info',
  label: 'sr',
  timestamp: '2023-06-11T17:31:52.563Z'
}
{
  message: 'Server is running on port 5000',
  level: 'info',
  label: 'sr',
  timestamp: '2023-06-11T17:31:52.634Z'
}
{
  message: 'Connected to database',
  level: 'info',
  label: 'sr',
  timestamp: '2023-06-11T17:36:44.012Z'
}
{
  message: 'Server is running on port 5000',
  level: 'info',
  label: 'sr',
  timestamp: '2023-06-11T17:36:44.158Z'
}
{
  message: 'Connected to database',
  level: 'info',
  label: 'sr',
  timestamp: '2023-06-11T17:37:03.725Z'
}
{
  message: 'Server is running on port 5000',
  level: 'info',
  label: 'sr',
  timestamp: '2023-06-11T17:37:03.789Z'
}
{
  message: 'Connected to database',
  level: 'info',
  label: 'sr',
  timestamp: '2023-06-11T17:37:18.739Z'
}
{
  message: 'Server is running on port 5000',
  level: 'info',
  label: 'sr',
  timestamp: '2023-06-11T17:37:18.870Z'
}
{
  message: 'Connected to database',
  level: 'info',
  label: 'sr',
  timestamp: '2023-06-11T17:41:35.031Z'
}
{
  message: 'Server is running on port 5000',
  level: 'info',
  label: 'sr',
  timestamp: '2023-06-11T17:41:35.110Z'
}
{
  message: 'Connected to database',
  level: 'info',
  label: 'sr',
  timestamp: '2023-06-11T17:42:41.248Z'
}
{
  message: 'Server is running on port 5000',
  level: 'info',
  label: 'sr',
  timestamp: '2023-06-11T17:42:41.309Z'
}
{
  message: 'Connected to database',
  level: 'info',
  label: 'sr',
  timestamp: '2023-06-11T17:43:30.085Z'
}
{
  message: 'Server is running on port 5000',
  level: 'info',
  label: 'sr',
  timestamp: '2023-06-11T17:43:30.150Z'
}
{
  message: 'Connected to database',
  level: 'info',
  label: 'sr',
  timestamp: '2023-06-11T17:45:50.186Z'
}
{
  message: 'Server is running on port 5000',
  level: 'info',
  label: 'sr',
  timestamp: '2023-06-11T17:45:50.239Z'
}
{
  message: 'Connected to database',
  level: 'info',
  label: 'sr',
  timestamp: '2023-06-11T17:48:54.508Z'
}
{
  message: 'Server is running on port 5000',
  level: 'info',
  label: 'sr',
  timestamp: '2023-06-11T17:48:54.554Z'
}
{
  message: 'Connected to database',
  level: 'info',
  label: 'sr',
  timestamp: '2023-06-11T17:49:34.437Z'
}
{
  message: 'Server is running on port 5000',
  level: 'info',
  label: 'sr',
  timestamp: '2023-06-11T17:49:34.487Z'
}
{
  message: 'Connected to database',
  level: 'info',
  label: 'sr',
  timestamp: '2023-06-11T17:51:11.928Z'
}
{
  message: 'Server is running on port 5000',
  level: 'info',
  label: 'sr',
  timestamp: '2023-06-11T17:51:11.967Z'
}
{
  message: 'Connected to database',
  level: 'info',
  label: 'sr',
  timestamp: '2023-06-11T17:51:53.937Z'
}
{
  message: 'Server is running on port 5000',
  level: 'info',
  label: 'sr',
  timestamp: '2023-06-11T17:51:53.975Z'
}
{
  message: 'Connected to database',
  level: 'info',
  label: 'sr',
  timestamp: '2023-06-11T17:52:54.366Z'
}
{
  message: 'Server is running on port 5000',
  level: 'info',
  label: 'sr',
  timestamp: '2023-06-11T17:52:54.412Z'
}
{
  message: 'Connected to database',
  level: 'info',
  label: 'sr',
  timestamp: '2023-06-11T17:53:56.491Z'
}
{
  message: 'Server is running on port 5000',
  level: 'info',
  label: 'sr',
  timestamp: '2023-06-11T17:53:56.543Z'
}
{
  message: 'Connected to database',
  level: 'info',
  label: 'sr',
  timestamp: '2023-06-11T17:54:26.240Z'
}
{
  message: 'Server is running on port 5000',
  level: 'info',
  label: 'sr',
  timestamp: '2023-06-11T17:54:26.336Z'
}
{
  message: 'Connected to database',
  level: 'info',
  label: 'sr',
  timestamp: '2023-06-11T17:55:12.846Z'
}
{
  message: 'Server is running on port 5000',
  level: 'info',
  label: 'sr',
  timestamp: '2023-06-11T17:55:12.892Z'
}
{
  message: 'Connected to database',
  level: 'info',
  label: 'sr',
  timestamp: '2023-06-11T17:55:23.747Z'
}
{
  message: 'Server is running on port 5000',
  level: 'info',
  label: 'sr',
  timestamp: '2023-06-11T17:55:23.785Z'
}
{
  message: 'Connected to database',
  level: 'info',
  label: 'sr',
  timestamp: '2023-06-11T17:58:22.474Z'
}
{
  message: 'Server is running on port 5000',
  level: 'info',
  label: 'sr',
  timestamp: '2023-06-11T17:58:22.519Z'
}
{
  message: 'Connected to database',
  level: 'info',
  label: 'sr',
  timestamp: '2023-06-11T17:59:05.657Z'
}
{
  message: 'Server is running on port 5000',
  level: 'info',
  label: 'sr',
  timestamp: '2023-06-11T17:59:05.707Z'
}
{
  message: 'Connected to database',
  level: 'info',
  label: 'sr',
  timestamp: '2023-06-11T17:59:30.367Z'
}
{
  message: 'Server is running on port 5000',
  level: 'info',
  label: 'sr',
  timestamp: '2023-06-11T17:59:30.410Z'
}
{
  message: 'Connected to database',
  level: 'info',
  label: 'sr',
  timestamp: '2023-06-11T17:59:41.451Z'
}
{
  message: 'Server is running on port 5000',
  level: 'info',
  label: 'sr',
  timestamp: '2023-06-11T17:59:41.494Z'
}
