{
  message: 'Connected to database',
  level: 'info',
  label: 'sr',
  timestamp: '2023-06-10T05:20:28.675Z'
}
{
  message: 'Server is running on port 5000',
  level: 'info',
  label: 'sr',
  timestamp: '2023-06-10T05:20:28.715Z'
}
{
  message: 'Connected to database',
  level: 'info',
  label: 'sr',
  timestamp: '2023-06-10T05:22:44.247Z'
}
{
  message: 'Server is running on port 5000',
  level: 'info',
  label: 'sr',
  timestamp: '2023-06-10T05:22:44.360Z'
}
{
  message: 'Connected to database',
  level: 'info',
  label: 'sr',
  timestamp: '2023-06-10T05:32:42.330Z'
}
{
  message: 'Server is running on port 5000',
  level: 'info',
  label: 'sr',
  timestamp: '2023-06-10T05:32:42.410Z'
}
{
  message: 'Connected to database',
  level: 'info',
  label: 'sr',
  timestamp: '2023-06-10T05:33:51.928Z'
}
{
  message: 'Server is running on port 5000',
  level: 'info',
  label: 'sr',
  timestamp: '2023-06-10T05:33:51.985Z'
}
{
  message: 'Connected to database',
  level: 'info',
  label: 'sr',
  timestamp: '2023-06-10T05:34:00.242Z'
}
{
  message: 'Server is running on port 5000',
  level: 'info',
  label: 'sr',
  timestamp: '2023-06-10T05:34:00.281Z'
}
{
  message: 'Connected to database',
  level: 'info',
  label: 'sr',
  timestamp: '2023-06-10T05:35:08.456Z'
}
{
  message: 'Server is running on port 5000',
  level: 'info',
  label: 'sr',
  timestamp: '2023-06-10T05:35:08.497Z'
}
{
  message: 'Connected to database',
  level: 'info',
  label: 'sr',
  timestamp: '2023-06-10T05:36:13.096Z'
}
{
  message: 'Server is running on port 5000',
  level: 'info',
  label: 'sr',
  timestamp: '2023-06-10T05:36:13.144Z'
}
{
  message: 'Connected to database',
  level: 'info',
  label: 'sr',
  timestamp: '2023-06-10T05:36:46.482Z'
}
{
  message: 'Server is running on port 5000',
  level: 'info',
  label: 'sr',
  timestamp: '2023-06-10T05:36:46.542Z'
}
{
  message: 'Connected to database',
  level: 'info',
  label: 'sr',
  timestamp: '2023-06-10T05:37:02.237Z'
}
{
  message: 'Server is running on port 5000',
  level: 'info',
  label: 'sr',
  timestamp: '2023-06-10T05:37:02.289Z'
}
{
  message: 'Connected to database',
  level: 'info',
  label: 'sr',
  timestamp: '2023-06-10T05:49:20.168Z'
}
{
  message: 'Server is running on port 5000',
  level: 'info',
  label: 'sr',
  timestamp: '2023-06-10T05:49:20.209Z'
}
{
  message: 'Connected to database',
  level: 'info',
  label: 'sr',
  timestamp: '2023-06-10T05:58:44.924Z'
}
{
  message: 'Server is running on port 5000',
  level: 'info',
  label: 'sr',
  timestamp: '2023-06-10T05:58:45.189Z'
}
