{
  message: 'Connected to database',
  level: 'info',
  label: 'sr',
  timestamp: '2023-06-15T17:35:25.242Z'
}
{
  message: 'Server is running on port 5000',
  level: 'info',
  label: 'sr',
  timestamp: '2023-06-15T17:35:25.290Z'
}
{
  message: 'Connected to database',
  level: 'info',
  label: 'sr',
  timestamp: '2023-06-15T17:43:29.917Z'
}
{
  message: 'Server is running on port 5000',
  level: 'info',
  label: 'sr',
  timestamp: '2023-06-15T17:43:29.981Z'
}
{
  message: 'Connected to database',
  level: 'info',
  label: 'sr',
  timestamp: '2023-06-15T17:44:39.380Z'
}
{
  message: 'Server is running on port 5000',
  level: 'info',
  label: 'sr',
  timestamp: '2023-06-15T17:44:39.421Z'
}
{
  message: 'Connected to database',
  level: 'info',
  label: 'sr',
  timestamp: '2023-06-15T17:46:44.894Z'
}
{
  message: 'Server is running on port 5000',
  level: 'info',
  label: 'sr',
  timestamp: '2023-06-15T17:46:44.940Z'
}
{
  message: 'Connected to database',
  level: 'info',
  label: 'sr',
  timestamp: '2023-06-15T17:47:23.722Z'
}
{
  message: 'Server is running on port 5000',
  level: 'info',
  label: 'sr',
  timestamp: '2023-06-15T17:47:23.780Z'
}
{
  message: 'Connected to database',
  level: 'info',
  label: 'sr',
  timestamp: '2023-06-15T17:47:54.051Z'
}
{
  message: 'Server is running on port 5000',
  level: 'info',
  label: 'sr',
  timestamp: '2023-06-15T17:47:54.093Z'
}
{
  message: 'Connected to database',
  level: 'info',
  label: 'sr',
  timestamp: '2023-06-15T17:49:59.921Z'
}
{
  message: 'Server is running on port 5000',
  level: 'info',
  label: 'sr',
  timestamp: '2023-06-15T17:49:59.960Z'
}
